<?xml version="1.0" encoding="UTF-8"?>
<!-- Generated by org.testng.reporters.JUnitReportReporter -->
<testsuite hostname="DESKTOP-U27HJR1" failures="0" tests="4" name="tests.getHelpTest" time="42.113" errors="0" timestamp="30 Jul 2020 18:15:54 GMT">
  <testcase classname="tests.getHelpTest" name="emptyNameError" time="11.408"/>
  <testcase classname="tests.getHelpTest" name="emptyPhoneError" time="11.427"/>
  <testcase classname="tests.getHelpTest" name="emptyEmailError" time="6.564"/>
  <testcase classname="tests.getHelpTest" name="sendHelp" time="12.714"/>
</testsuite> <!-- tests.getHelpTest -->
