<?xml version="1.0" encoding="UTF-8"?>
<!-- Generated by org.testng.reporters.JUnitReportReporter -->
<testsuite hostname="DESKTOP-U27HJR1" failures="0" tests="3" name="tests.pageLinksTest" time="31.532" errors="0" timestamp="30 Jul 2020 18:15:54 GMT">
  <testcase classname="tests.pageLinksTest" name="BottomLinks" time="16.133"/>
  <testcase classname="tests.pageLinksTest" name="ScrollToTop" time="11.268"/>
  <testcase classname="tests.pageLinksTest" name="WhatsappNavigation" time="4.131"/>
</testsuite> <!-- tests.pageLinksTest -->
