<?xml version="1.0" encoding="UTF-8"?>
<!-- Generated by org.testng.reporters.JUnitReportReporter -->
<testsuite hostname="DESKTOP-U27HJR1" failures="0" tests="5" name="tests.hearMoreTest" time="57.844" errors="0" timestamp="30 Jul 2020 18:15:54 GMT">
  <testcase classname="tests.hearMoreTest" name="emptyPhoneError" time="11.852"/>
  <testcase classname="tests.hearMoreTest" name="emptyNameError" time="11.580"/>
  <testcase classname="tests.hearMoreTest" name="sendHelp" time="10.774"/>
  <testcase classname="tests.hearMoreTest" name="emptyEmailError" time="11.773"/>
  <testcase classname="tests.hearMoreTest" name="emptyCompanyError" time="11.865"/>
</testsuite> <!-- tests.hearMoreTest -->
